{"/Users/jonahss/Workspace/appium-xcode/index.js":{"path":"/Users/jonahss/Workspace/appium-xcode/index.js","s":{"1":1,"2":1,"3":1,"4":1,"5":1,"6":1,"7":1},"b":{"1":[0,1],"2":[1,1]},"f":{"1":1},"fnMap":{"1":{"name":"_interopRequireDefault","line":7,"loc":{"start":{"line":0,"column":0},"end":{"line":0,"column":0}},"skip":true}},"statementMap":{"1":{"start":{"line":0,"column":0},"end":{"line":0,"column":0},"skip":true},"2":{"start":{"line":0,"column":0},"end":{"line":0,"column":0},"skip":true},"3":{"start":{"line":0,"column":0},"end":{"line":0,"column":0},"skip":true},"4":{"start":{"line":0,"column":0},"end":{"line":0,"column":0},"skip":true},"5":{"start":{"line":0,"column":0},"end":{"line":0,"column":0},"skip":true},"6":{"start":{"line":0,"column":0},"end":{"line":0,"column":0},"skip":true},"7":{"start":{"line":0,"column":0},"end":{"line":0,"column":0},"skip":true}},"branchMap":{"1":{"line":7,"type":"cond-expr","locations":[{"start":{"line":0,"column":0},"end":{"line":0,"column":0},"skip":true},{"start":{"line":0,"column":0},"end":{"line":0,"column":0},"skip":true}]},"2":{"line":7,"type":"binary-expr","locations":[{"start":{"line":0,"column":0},"end":{"line":0,"column":0},"skip":true},{"start":{"line":0,"column":0},"end":{"line":0,"column":0},"skip":true}]}}},"/Users/jonahss/Workspace/appium-xcode/lib/xcode.js":{"path":"/Users/jonahss/Workspace/appium-xcode/lib/xcode.js","s":{"1":1,"2":1,"3":2,"4":1,"5":1,"6":1,"7":1,"8":1,"9":1,"10":1,"11":1,"12":1,"13":1,"14":1,"15":1,"16":1,"17":1,"18":1,"19":1,"20":0,"21":1,"22":0,"23":0,"24":0,"25":0,"26":0,"27":0,"28":0,"29":0,"30":0,"31":0,"32":0,"33":0,"34":0,"35":0,"36":0,"37":0,"38":0,"39":0,"40":0,"41":0,"42":0,"43":0,"44":0,"45":0,"46":0,"47":0,"48":0,"49":0,"50":0,"51":0,"52":0,"53":0,"54":0,"55":0,"56":0,"57":0,"58":0,"59":0,"60":0,"61":0,"62":0,"63":0,"64":0,"65":0,"66":0,"67":0,"68":0,"69":0,"70":0,"71":0,"72":0,"73":1,"74":2,"75":2,"76":8,"77":10,"78":2,"79":2,"80":2,"81":2,"82":2,"83":2,"84":2,"85":2,"86":0,"87":2,"88":2,"89":2,"90":0,"91":0,"92":2,"93":0,"94":0,"95":0,"96":2,"97":1,"98":2,"99":1,"100":1,"101":1,"102":5,"103":7,"104":1,"105":1,"106":1,"107":1,"108":1,"109":1,"110":1,"111":1,"112":1,"113":0,"114":1,"115":1,"116":1,"117":1,"118":1,"119":1,"120":1,"121":1,"122":1,"123":0,"124":1,"125":1,"126":1,"127":1,"128":1,"129":1,"130":6,"131":6,"132":6,"133":6,"134":18,"135":19,"136":6,"137":6,"138":6,"139":6,"140":1,"141":1,"142":5,"143":1,"144":1,"145":6,"146":1,"147":1,"148":1,"149":4,"150":4,"151":1,"152":1,"153":1,"154":1,"155":1,"156":1,"157":1,"158":1,"159":1,"160":1,"161":0,"162":0,"163":1,"164":0,"165":0,"166":0,"167":0,"168":0,"169":0,"170":0,"171":0,"172":0,"173":1,"174":1,"175":1,"176":1,"177":1,"178":1,"179":1,"180":4,"181":6,"182":1,"183":1,"184":1,"185":1,"186":1,"187":1,"188":0,"189":1,"190":1,"191":1,"192":1,"193":1,"194":1,"195":1,"196":1,"197":1,"198":1,"199":1,"200":0,"201":1,"202":1,"203":1,"204":1,"205":1,"206":1,"207":1,"208":1,"209":3,"210":3,"211":1,"212":1,"213":1,"214":1,"215":1,"216":1,"217":1,"218":1,"219":1,"220":1,"221":16,"222":16,"223":0,"224":16,"225":0,"226":0,"227":16,"228":9,"229":1,"230":1,"231":1,"232":1,"233":1,"234":3,"235":4,"236":1,"237":1,"238":1,"239":1,"240":1,"241":1,"242":1,"243":0,"244":1,"245":1,"246":1,"247":1,"248":0,"249":1,"250":1,"251":1,"252":1,"253":1,"254":1,"255":1,"256":1,"257":5,"258":4,"259":1,"260":1},"b":{"1":[0,2],"2":[2,2],"3":[0,0,0,0,0,0,0,0,0,0,0,0,0,0],"4":[0,0],"5":[0,0],"6":[0,0],"7":[0,0],"8":[0,0],"9":[0,0],"10":[2,2,2,2,0,0,2],"11":[2,0],"12":[0,2],"13":[1,1,1,1,1,1,0,1],"14":[1,0],"15":[1,0],"16":[1,1],"17":[0,1],"18":[1,1],"19":[5,1],"20":[6,1],"21":[6,0],"22":[6,0],"23":[6,6,1,0,6],"24":[1,5],"25":[0,1],"26":[1,1,1,0,0,0,0,1],"27":[0,1],"28":[0,0],"29":[1,0],"30":[1,0],"31":[1,1,1,1,1,0,1],"32":[1,0],"33":[1,0],"34":[1,0],"35":[1,0],"36":[1,1,0,1],"37":[0,16],"38":[0,16],"39":[16,15,16,15],"40":[9,7],"41":[1,1,1,0,1],"42":[0,1],"43":[1,0],"44":[1,0],"45":[1,0],"46":[4,1]},"f":{"1":2,"2":0,"3":0,"4":0,"5":2,"6":8,"7":2,"8":1,"9":5,"10":1,"11":6,"12":18,"13":1,"14":4,"15":1,"16":1,"17":4,"18":1,"19":1,"20":3,"21":1,"22":3,"23":1,"24":1,"25":5},"fnMap":{"1":{"name":"_interopRequireDefault","line":7,"loc":{"start":{"line":0,"column":0},"end":{"line":0,"column":0}},"skip":true},"2":{"name":"hasExpectedSubDir","line":37,"loc":{"start":{"line":20,"column":0},"end":{"line":20,"column":34}}},"3":{"name":"getPathFromSymlink","line":41,"loc":{"start":{"line":24,"column":0},"end":{"line":24,"column":46}}},"4":{"name":"getPathFromSymlink$","line":43,"loc":{"start":{"line":0,"column":0},"end":{"line":0,"column":0}},"skip":true},"5":{"name":"getPathFromXcodeSelect","line":141,"loc":{"start":{"line":72,"column":0},"end":{"line":72,"column":37}}},"6":{"name":"getPathFromXcodeSelect$","line":144,"loc":{"start":{"line":0,"column":0},"end":{"line":0,"column":0}},"skip":true},"7":{"name":"(anonymous_7)","line":187,"loc":{"start":{"line":91,"column":26},"end":{"line":91,"column":38}}},"8":{"name":"getVersionWithoutRetry","line":195,"loc":{"start":{"line":101,"column":0},"end":{"line":101,"column":37}}},"9":{"name":"getVersionWithoutRetry$","line":197,"loc":{"start":{"line":0,"column":0},"end":{"line":0,"column":0}},"skip":true},"10":{"name":"(anonymous_10)","line":246,"loc":{"start":{"line":126,"column":2},"end":{"line":126,"column":49}}},"11":{"name":"getVersion","line":252,"loc":{"start":{"line":131,"column":0},"end":{"line":131,"column":25}}},"12":{"name":"getVersion$","line":256,"loc":{"start":{"line":0,"column":0},"end":{"line":0,"column":0}},"skip":true},"13":{"name":"getAutomationTraceTemplatePathWithoutRetry","line":289,"loc":{"start":{"line":149,"column":0},"end":{"line":149,"column":57}}},"14":{"name":"getAutomationTraceTemplatePathWithoutRetry$","line":291,"loc":{"start":{"line":0,"column":0},"end":{"line":0,"column":0}},"skip":true},"15":{"name":"(anonymous_15)","line":339,"loc":{"start":{"line":179,"column":2},"end":{"line":179,"column":49}}},"16":{"name":"getMaxIOSSDKWithoutRetry","line":345,"loc":{"start":{"line":184,"column":0},"end":{"line":184,"column":39}}},"17":{"name":"getMaxIOSSDKWithoutRetry$","line":348,"loc":{"start":{"line":0,"column":0},"end":{"line":0,"column":0}},"skip":true},"18":{"name":"(anonymous_18)","line":393,"loc":{"start":{"line":207,"column":2},"end":{"line":207,"column":49}}},"19":{"name":"getConnectedDevices","line":399,"loc":{"start":{"line":212,"column":0},"end":{"line":212,"column":34}}},"20":{"name":"getConnectedDevices$","line":402,"loc":{"start":{"line":0,"column":0},"end":{"line":0,"column":0}},"skip":true},"21":{"name":"getInstrumentsPathWithoutRetry","line":444,"loc":{"start":{"line":243,"column":0},"end":{"line":243,"column":45}}},"22":{"name":"getInstrumentsPathWithoutRetry$","line":447,"loc":{"start":{"line":0,"column":0},"end":{"line":0,"column":0}},"skip":true},"23":{"name":"(anonymous_23)","line":482,"loc":{"start":{"line":263,"column":2},"end":{"line":263,"column":49}}},"24":{"name":"clearInternalCache","line":488,"loc":{"start":{"line":268,"column":0},"end":{"line":268,"column":31}}},"25":{"name":"(anonymous_25)","line":493,"loc":{"start":{"line":274,"column":19},"end":{"line":274,"column":26}}}},"statementMap":{"1":{"start":{"line":0,"column":0},"end":{"line":0,"column":0},"skip":true},"2":{"start":{"line":0,"column":0},"end":{"line":0,"column":0},"skip":true},"3":{"start":{"line":0,"column":0},"end":{"line":0,"column":0},"skip":true},"4":{"start":{"line":0,"column":0},"end":{"line":0,"column":0},"skip":true},"5":{"start":{"line":0,"column":0},"end":{"line":0,"column":0},"skip":true},"6":{"start":{"line":0,"column":0},"end":{"line":0,"column":0},"skip":true},"7":{"start":{"line":0,"column":0},"end":{"line":0,"column":0},"skip":true},"8":{"start":{"line":0,"column":0},"end":{"line":0,"column":0},"skip":true},"9":{"start":{"line":0,"column":0},"end":{"line":0,"column":0},"skip":true},"10":{"start":{"line":0,"column":0},"end":{"line":0,"column":0},"skip":true},"11":{"start":{"line":0,"column":0},"end":{"line":0,"column":0},"skip":true},"12":{"start":{"line":0,"column":0},"end":{"line":0,"column":0},"skip":true},"13":{"start":{"line":9,"column":0},"end":{"line":9,"column":27}},"14":{"start":{"line":11,"column":0},"end":{"line":11,"column":24}},"15":{"start":{"line":13,"column":0},"end":{"line":13,"column":34}},"16":{"start":{"line":14,"column":0},"end":{"line":14,"column":43}},"17":{"start":{"line":15,"column":0},"end":{"line":15,"column":36}},"18":{"start":{"line":17,"column":0},"end":{"line":17,"column":31}},"19":{"start":{"line":20,"column":0},"end":{"line":22,"column":1}},"20":{"start":{"line":21,"column":2},"end":{"line":21,"column":76}},"21":{"start":{"line":24,"column":0},"end":{"line":70,"column":1}},"22":{"start":{"line":0,"column":0},"end":{"line":0,"column":0},"skip":true},"23":{"start":{"line":0,"column":0},"end":{"line":0,"column":0},"skip":true},"24":{"start":{"line":0,"column":0},"end":{"line":0,"column":0},"skip":true},"25":{"start":{"line":0,"column":0},"end":{"line":0,"column":0},"skip":true},"26":{"start":{"line":30,"column":2},"end":{"line":30,"column":66}},"27":{"start":{"line":32,"column":8},"end":{"line":32,"column":49}},"28":{"start":{"line":33,"column":8},"end":{"line":33,"column":68}},"29":{"start":{"line":34,"column":6},"end":{"line":34,"column":22}},"30":{"start":{"line":0,"column":0},"end":{"line":0,"column":0},"skip":true},"31":{"start":{"line":0,"column":0},"end":{"line":0,"column":0},"skip":true},"32":{"start":{"line":0,"column":0},"end":{"line":0,"column":0},"skip":true},"33":{"start":{"line":39,"column":10},"end":{"line":41,"column":73}},"34":{"start":{"line":0,"column":0},"end":{"line":0,"column":0},"skip":true},"35":{"start":{"line":0,"column":0},"end":{"line":0,"column":0},"skip":true},"36":{"start":{"line":0,"column":0},"end":{"line":0,"column":0},"skip":true},"37":{"start":{"line":0,"column":0},"end":{"line":0,"column":0},"skip":true},"38":{"start":{"line":0,"column":0},"end":{"line":0,"column":0},"skip":true},"39":{"start":{"line":44,"column":6},"end":{"line":44,"column":29}},"40":{"start":{"line":0,"column":0},"end":{"line":0,"column":0},"skip":true},"41":{"start":{"line":0,"column":0},"end":{"line":0,"column":0},"skip":true},"42":{"start":{"line":46,"column":10},"end":{"line":48,"column":37}},"43":{"start":{"line":49,"column":6},"end":{"line":49,"column":21}},"44":{"start":{"line":0,"column":0},"end":{"line":0,"column":0},"skip":true},"45":{"start":{"line":0,"column":0},"end":{"line":0,"column":0},"skip":true},"46":{"start":{"line":0,"column":0},"end":{"line":0,"column":0},"skip":true},"47":{"start":{"line":0,"column":0},"end":{"line":0,"column":0},"skip":true},"48":{"start":{"line":0,"column":0},"end":{"line":0,"column":0},"skip":true},"49":{"start":{"line":0,"column":0},"end":{"line":0,"column":0},"skip":true},"50":{"start":{"line":0,"column":0},"end":{"line":0,"column":0},"skip":true},"51":{"start":{"line":0,"column":0},"end":{"line":0,"column":0},"skip":true},"52":{"start":{"line":0,"column":0},"end":{"line":0,"column":0},"skip":true},"53":{"start":{"line":0,"column":0},"end":{"line":0,"column":0},"skip":true},"54":{"start":{"line":53,"column":4},"end":{"line":53,"column":13}},"55":{"start":{"line":0,"column":0},"end":{"line":0,"column":0},"skip":true},"56":{"start":{"line":0,"column":0},"end":{"line":0,"column":0},"skip":true},"57":{"start":{"line":0,"column":0},"end":{"line":0,"column":0},"skip":true},"58":{"start":{"line":0,"column":0},"end":{"line":0,"column":0},"skip":true},"59":{"start":{"line":0,"column":0},"end":{"line":0,"column":0},"skip":true},"60":{"start":{"line":0,"column":0},"end":{"line":0,"column":0},"skip":true},"61":{"start":{"line":0,"column":0},"end":{"line":0,"column":0},"skip":true},"62":{"start":{"line":0,"column":0},"end":{"line":0,"column":0},"skip":true},"63":{"start":{"line":0,"column":0},"end":{"line":0,"column":0},"skip":true},"64":{"start":{"line":55,"column":4},"end":{"line":55,"column":13}},"65":{"start":{"line":0,"column":0},"end":{"line":0,"column":0},"skip":true},"66":{"start":{"line":0,"column":0},"end":{"line":0,"column":0},"skip":true},"67":{"start":{"line":0,"column":0},"end":{"line":0,"column":0},"skip":true},"68":{"start":{"line":0,"column":0},"end":{"line":0,"column":0},"skip":true},"69":{"start":{"line":66,"column":6},"end":{"line":66,"column":103}},"70":{"start":{"line":67,"column":2},"end":{"line":67,"column":16}},"71":{"start":{"line":0,"column":0},"end":{"line":0,"column":0},"skip":true},"72":{"start":{"line":0,"column":0},"end":{"line":0,"column":0},"skip":true},"73":{"start":{"line":72,"column":0},"end":{"line":89,"column":1}},"74":{"start":{"line":0,"column":0},"end":{"line":0,"column":0},"skip":true},"75":{"start":{"line":0,"column":0},"end":{"line":0,"column":0},"skip":true},"76":{"start":{"line":0,"column":0},"end":{"line":0,"column":0},"skip":true},"77":{"start":{"line":0,"column":0},"end":{"line":0,"column":0},"skip":true},"78":{"start":{"line":0,"column":0},"end":{"line":0,"column":0},"skip":true},"79":{"start":{"line":0,"column":0},"end":{"line":0,"column":0},"skip":true},"80":{"start":{"line":0,"column":0},"end":{"line":0,"column":0},"skip":true},"81":{"start":{"line":73,"column":7},"end":{"line":73,"column":13}},"82":{"start":{"line":76,"column":8},"end":{"line":76,"column":58}},"83":{"start":{"line":0,"column":0},"end":{"line":0,"column":0},"skip":true},"84":{"start":{"line":0,"column":0},"end":{"line":0,"column":0},"skip":true},"85":{"start":{"line":0,"column":0},"end":{"line":0,"column":0},"skip":true},"86":{"start":{"line":0,"column":0},"end":{"line":0,"column":0},"skip":true},"87":{"start":{"line":0,"column":0},"end":{"line":0,"column":0},"skip":true},"88":{"start":{"line":0,"column":0},"end":{"line":0,"column":0},"skip":true},"89":{"start":{"line":0,"column":0},"end":{"line":0,"column":0},"skip":true},"90":{"start":{"line":0,"column":0},"end":{"line":0,"column":0},"skip":true},"91":{"start":{"line":0,"column":0},"end":{"line":0,"column":0},"skip":true},"92":{"start":{"line":0,"column":0},"end":{"line":0,"column":0},"skip":true},"93":{"start":{"line":85,"column":10},"end":{"line":85,"column":75}},"94":{"start":{"line":86,"column":4},"end":{"line":86,"column":19}},"95":{"start":{"line":0,"column":0},"end":{"line":0,"column":0},"skip":true},"96":{"start":{"line":0,"column":0},"end":{"line":0,"column":0},"skip":true},"97":{"start":{"line":91,"column":0},"end":{"line":97,"column":3}},"98":{"start":{"line":96,"column":2},"end":{"line":96,"column":60}},"99":{"start":{"line":101,"column":0},"end":{"line":123,"column":1}},"100":{"start":{"line":0,"column":0},"end":{"line":0,"column":0},"skip":true},"101":{"start":{"line":0,"column":0},"end":{"line":0,"column":0},"skip":true},"102":{"start":{"line":0,"column":0},"end":{"line":0,"column":0},"skip":true},"103":{"start":{"line":0,"column":0},"end":{"line":0,"column":0},"skip":true},"104":{"start":{"line":0,"column":0},"end":{"line":0,"column":0},"skip":true},"105":{"start":{"line":0,"column":0},"end":{"line":0,"column":0},"skip":true},"106":{"start":{"line":102,"column":6},"end":{"line":102,"column":15}},"107":{"start":{"line":106,"column":8},"end":{"line":106,"column":63}},"108":{"start":{"line":0,"column":0},"end":{"line":0,"column":0},"skip":true},"109":{"start":{"line":0,"column":0},"end":{"line":0,"column":0},"skip":true},"110":{"start":{"line":0,"column":0},"end":{"line":0,"column":0},"skip":true},"111":{"start":{"line":0,"column":0},"end":{"line":0,"column":0},"skip":true},"112":{"start":{"line":0,"column":0},"end":{"line":0,"column":0},"skip":true},"113":{"start":{"line":0,"column":0},"end":{"line":0,"column":0},"skip":true},"114":{"start":{"line":0,"column":0},"end":{"line":0,"column":0},"skip":true},"115":{"start":{"line":0,"column":0},"end":{"line":0,"column":0},"skip":true},"116":{"start":{"line":112,"column":6},"end":{"line":112,"column":13}},"117":{"start":{"line":113,"column":2},"end":{"line":113,"column":47}},"118":{"start":{"line":115,"column":6},"end":{"line":115,"column":37}},"119":{"start":{"line":117,"column":6},"end":{"line":117,"column":43}},"120":{"start":{"line":0,"column":0},"end":{"line":0,"column":0},"skip":true},"121":{"start":{"line":0,"column":0},"end":{"line":0,"column":0},"skip":true},"122":{"start":{"line":0,"column":0},"end":{"line":0,"column":0},"skip":true},"123":{"start":{"line":0,"column":0},"end":{"line":0,"column":0},"skip":true},"124":{"start":{"line":0,"column":0},"end":{"line":0,"column":0},"skip":true},"125":{"start":{"line":0,"column":0},"end":{"line":0,"column":0},"skip":true},"126":{"start":{"line":125,"column":0},"end":{"line":129,"column":2}},"127":{"start":{"line":0,"column":0},"end":{"line":0,"column":0},"skip":true},"128":{"start":{"line":127,"column":4},"end":{"line":127,"column":50}},"129":{"start":{"line":131,"column":0},"end":{"line":147,"column":1}},"130":{"start":{"line":0,"column":0},"end":{"line":0,"column":0},"skip":true},"131":{"start":{"line":0,"column":0},"end":{"line":0,"column":0},"skip":true},"132":{"start":{"line":0,"column":0},"end":{"line":0,"column":0},"skip":true},"133":{"start":{"line":0,"column":0},"end":{"line":0,"column":0},"skip":true},"134":{"start":{"line":0,"column":0},"end":{"line":0,"column":0},"skip":true},"135":{"start":{"line":0,"column":0},"end":{"line":0,"column":0},"skip":true},"136":{"start":{"line":0,"column":0},"end":{"line":0,"column":0},"skip":true},"137":{"start":{"line":0,"column":0},"end":{"line":0,"column":0},"skip":true},"138":{"start":{"line":132,"column":6},"end":{"line":132,"column":13}},"139":{"start":{"line":0,"column":0},"end":{"line":0,"column":0},"skip":true},"140":{"start":{"line":0,"column":0},"end":{"line":0,"column":0},"skip":true},"141":{"start":{"line":0,"column":0},"end":{"line":0,"column":0},"skip":true},"142":{"start":{"line":0,"column":0},"end":{"line":0,"column":0},"skip":true},"143":{"start":{"line":136,"column":6},"end":{"line":136,"column":54}},"144":{"start":{"line":0,"column":0},"end":{"line":0,"column":0},"skip":true},"145":{"start":{"line":0,"column":0},"end":{"line":0,"column":0},"skip":true},"146":{"start":{"line":149,"column":0},"end":{"line":176,"column":1}},"147":{"start":{"line":0,"column":0},"end":{"line":0,"column":0},"skip":true},"148":{"start":{"line":0,"column":0},"end":{"line":0,"column":0},"skip":true},"149":{"start":{"line":0,"column":0},"end":{"line":0,"column":0},"skip":true},"150":{"start":{"line":0,"column":0},"end":{"line":0,"column":0},"skip":true},"151":{"start":{"line":0,"column":0},"end":{"line":0,"column":0},"skip":true},"152":{"start":{"line":0,"column":0},"end":{"line":0,"column":0},"skip":true},"153":{"start":{"line":151,"column":8},"end":{"line":151,"column":17}},"154":{"start":{"line":155,"column":8},"end":{"line":155,"column":43}},"155":{"start":{"line":156,"column":8},"end":{"line":156,"column":96}},"156":{"start":{"line":157,"column":8},"end":{"line":157,"column":66}},"157":{"start":{"line":158,"column":6},"end":{"line":161,"column":3}},"158":{"start":{"line":0,"column":0},"end":{"line":0,"column":0},"skip":true},"159":{"start":{"line":0,"column":0},"end":{"line":0,"column":0},"skip":true},"160":{"start":{"line":0,"column":0},"end":{"line":0,"column":0},"skip":true},"161":{"start":{"line":0,"column":0},"end":{"line":0,"column":0},"skip":true},"162":{"start":{"line":0,"column":0},"end":{"line":0,"column":0},"skip":true},"163":{"start":{"line":0,"column":0},"end":{"line":0,"column":0},"skip":true},"164":{"start":{"line":0,"column":0},"end":{"line":0,"column":0},"skip":true},"165":{"start":{"line":0,"column":0},"end":{"line":0,"column":0},"skip":true},"166":{"start":{"line":0,"column":0},"end":{"line":0,"column":0},"skip":true},"167":{"start":{"line":0,"column":0},"end":{"line":0,"column":0},"skip":true},"168":{"start":{"line":0,"column":0},"end":{"line":0,"column":0},"skip":true},"169":{"start":{"line":0,"column":0},"end":{"line":0,"column":0},"skip":true},"170":{"start":{"line":171,"column":8},"end":{"line":172,"column":68}},"171":{"start":{"line":173,"column":2},"end":{"line":173,"column":17}},"172":{"start":{"line":0,"column":0},"end":{"line":0,"column":0},"skip":true},"173":{"start":{"line":0,"column":0},"end":{"line":0,"column":0},"skip":true},"174":{"start":{"line":178,"column":0},"end":{"line":182,"column":2}},"175":{"start":{"line":0,"column":0},"end":{"line":0,"column":0},"skip":true},"176":{"start":{"line":180,"column":4},"end":{"line":180,"column":70}},"177":{"start":{"line":184,"column":0},"end":{"line":204,"column":1}},"178":{"start":{"line":0,"column":0},"end":{"line":0,"column":0},"skip":true},"179":{"start":{"line":0,"column":0},"end":{"line":0,"column":0},"skip":true},"180":{"start":{"line":0,"column":0},"end":{"line":0,"column":0},"skip":true},"181":{"start":{"line":0,"column":0},"end":{"line":0,"column":0},"skip":true},"182":{"start":{"line":0,"column":0},"end":{"line":0,"column":0},"skip":true},"183":{"start":{"line":0,"column":0},"end":{"line":0,"column":0},"skip":true},"184":{"start":{"line":186,"column":8},"end":{"line":186,"column":15}},"185":{"start":{"line":0,"column":0},"end":{"line":0,"column":0},"skip":true},"186":{"start":{"line":0,"column":0},"end":{"line":0,"column":0},"skip":true},"187":{"start":{"line":0,"column":0},"end":{"line":0,"column":0},"skip":true},"188":{"start":{"line":0,"column":0},"end":{"line":0,"column":0},"skip":true},"189":{"start":{"line":192,"column":8},"end":{"line":192,"column":11}},"190":{"start":{"line":193,"column":8},"end":{"line":193,"column":67}},"191":{"start":{"line":0,"column":0},"end":{"line":0,"column":0},"skip":true},"192":{"start":{"line":0,"column":0},"end":{"line":0,"column":0},"skip":true},"193":{"start":{"line":0,"column":0},"end":{"line":0,"column":0},"skip":true},"194":{"start":{"line":194,"column":9},"end":{"line":194,"column":15}},"195":{"start":{"line":196,"column":8},"end":{"line":196,"column":34}},"196":{"start":{"line":197,"column":8},"end":{"line":197,"column":36}},"197":{"start":{"line":0,"column":0},"end":{"line":0,"column":0},"skip":true},"198":{"start":{"line":0,"column":0},"end":{"line":0,"column":0},"skip":true},"199":{"start":{"line":0,"column":0},"end":{"line":0,"column":0},"skip":true},"200":{"start":{"line":0,"column":0},"end":{"line":0,"column":0},"skip":true},"201":{"start":{"line":0,"column":0},"end":{"line":0,"column":0},"skip":true},"202":{"start":{"line":0,"column":0},"end":{"line":0,"column":0},"skip":true},"203":{"start":{"line":206,"column":0},"end":{"line":210,"column":2}},"204":{"start":{"line":0,"column":0},"end":{"line":0,"column":0},"skip":true},"205":{"start":{"line":208,"column":4},"end":{"line":208,"column":52}},"206":{"start":{"line":212,"column":0},"end":{"line":241,"column":1}},"207":{"start":{"line":0,"column":0},"end":{"line":0,"column":0},"skip":true},"208":{"start":{"line":0,"column":0},"end":{"line":0,"column":0},"skip":true},"209":{"start":{"line":0,"column":0},"end":{"line":0,"column":0},"skip":true},"210":{"start":{"line":0,"column":0},"end":{"line":0,"column":0},"skip":true},"211":{"start":{"line":214,"column":8},"end":{"line":214,"column":41}},"212":{"start":{"line":215,"column":8},"end":{"line":215,"column":40}},"213":{"start":{"line":0,"column":0},"end":{"line":0,"column":0},"skip":true},"214":{"start":{"line":0,"column":0},"end":{"line":0,"column":0},"skip":true},"215":{"start":{"line":0,"column":0},"end":{"line":0,"column":0},"skip":true},"216":{"start":{"line":216,"column":7},"end":{"line":216,"column":13}},"217":{"start":{"line":217,"column":6},"end":{"line":217,"column":43}},"218":{"start":{"line":219,"column":6},"end":{"line":219,"column":23}},"219":{"start":{"line":220,"column":6},"end":{"line":220,"column":41}},"220":{"start":{"line":221,"column":2},"end":{"line":239,"column":3}},"221":{"start":{"line":222,"column":8},"end":{"line":222,"column":44}},"222":{"start":{"line":223,"column":4},"end":{"line":238,"column":5}},"223":{"start":{"line":224,"column":6},"end":{"line":224,"column":61}},"224":{"start":{"line":225,"column":11},"end":{"line":238,"column":5}},"225":{"start":{"line":229,"column":10},"end":{"line":234,"column":7}},"226":{"start":{"line":235,"column":6},"end":{"line":235,"column":36}},"227":{"start":{"line":236,"column":11},"end":{"line":238,"column":5}},"228":{"start":{"line":237,"column":6},"end":{"line":237,"column":68}},"229":{"start":{"line":0,"column":0},"end":{"line":0,"column":0},"skip":true},"230":{"start":{"line":0,"column":0},"end":{"line":0,"column":0},"skip":true},"231":{"start":{"line":243,"column":0},"end":{"line":260,"column":1}},"232":{"start":{"line":0,"column":0},"end":{"line":0,"column":0},"skip":true},"233":{"start":{"line":0,"column":0},"end":{"line":0,"column":0},"skip":true},"234":{"start":{"line":0,"column":0},"end":{"line":0,"column":0},"skip":true},"235":{"start":{"line":0,"column":0},"end":{"line":0,"column":0},"skip":true},"236":{"start":{"line":245,"column":8},"end":{"line":245,"column":21}},"237":{"start":{"line":246,"column":8},"end":{"line":246,"column":39}},"238":{"start":{"line":0,"column":0},"end":{"line":0,"column":0},"skip":true},"239":{"start":{"line":0,"column":0},"end":{"line":0,"column":0},"skip":true},"240":{"start":{"line":0,"column":0},"end":{"line":0,"column":0},"skip":true},"241":{"start":{"line":247,"column":7},"end":{"line":247,"column":13}},"242":{"start":{"line":249,"column":2},"end":{"line":251,"column":3}},"243":{"start":{"line":250,"column":4},"end":{"line":250,"column":16}},"244":{"start":{"line":253,"column":6},"end":{"line":253,"column":37}},"245":{"start":{"line":0,"column":0},"end":{"line":0,"column":0},"skip":true},"246":{"start":{"line":0,"column":0},"end":{"line":0,"column":0},"skip":true},"247":{"start":{"line":0,"column":0},"end":{"line":0,"column":0},"skip":true},"248":{"start":{"line":0,"column":0},"end":{"line":0,"column":0},"skip":true},"249":{"start":{"line":0,"column":0},"end":{"line":0,"column":0},"skip":true},"250":{"start":{"line":0,"column":0},"end":{"line":0,"column":0},"skip":true},"251":{"start":{"line":262,"column":0},"end":{"line":266,"column":2}},"252":{"start":{"line":0,"column":0},"end":{"line":0,"column":0},"skip":true},"253":{"start":{"line":264,"column":4},"end":{"line":264,"column":58}},"254":{"start":{"line":268,"column":0},"end":{"line":279,"column":1}},"255":{"start":{"line":271,"column":2},"end":{"line":272,"column":54}},"256":{"start":{"line":274,"column":2},"end":{"line":278,"column":5}},"257":{"start":{"line":275,"column":4},"end":{"line":277,"column":5}},"258":{"start":{"line":276,"column":6},"end":{"line":276,"column":38}},"259":{"start":{"line":0,"column":0},"end":{"line":0,"column":0},"skip":true},"260":{"start":{"line":0,"column":0},"end":{"line":0,"column":0},"skip":true}},"branchMap":{"1":{"line":7,"type":"cond-expr","locations":[{"start":{"line":0,"column":0},"end":{"line":0,"column":0},"skip":true},{"start":{"line":0,"column":0},"end":{"line":0,"column":0},"skip":true}]},"2":{"line":7,"type":"binary-expr","locations":[{"start":{"line":0,"column":0},"end":{"line":0,"column":0},"skip":true},{"start":{"line":0,"column":0},"end":{"line":0,"column":0},"skip":true}]},"3":{"line":44,"type":"switch","locations":[{"start":{"line":0,"column":0},"end":{"line":0,"column":0},"skip":true},{"start":{"line":0,"column":0},"end":{"line":0,"column":0},"skip":true},{"start":{"line":0,"column":0},"end":{"line":0,"column":0},"skip":true},{"start":{"line":0,"column":0},"end":{"line":0,"column":0},"skip":true},{"start":{"line":0,"column":0},"end":{"line":0,"column":0},"skip":true},{"start":{"line":0,"column":0},"end":{"line":0,"column":0},"skip":true},{"start":{"line":0,"column":0},"end":{"line":0,"column":0},"skip":true},{"start":{"line":0,"column":0},"end":{"line":0,"column":0},"skip":true},{"start":{"line":0,"column":0},"end":{"line":0,"column":0},"skip":true},{"start":{"line":0,"column":0},"end":{"line":0,"column":0},"skip":true},{"start":{"line":0,"column":0},"end":{"line":0,"column":0},"skip":true},{"start":{"line":0,"column":0},"end":{"line":0,"column":0},"skip":true},{"start":{"line":0,"column":0},"end":{"line":0,"column":0},"skip":true},{"start":{"line":0,"column":0},"end":{"line":0,"column":0},"skip":true}]},"4":{"line":57,"type":"if","locations":[{"start":{"line":0,"column":0},"end":{"line":0,"column":0},"skip":true},{"start":{"line":0,"column":0},"end":{"line":0,"column":0},"skip":true}]},"5":{"line":62,"type":"cond-expr","locations":[{"start":{"line":40,"column":41},"end":{"line":40,"column":58}},{"start":{"line":41,"column":41},"end":{"line":41,"column":73}}]},"6":{"line":67,"type":"if","locations":[{"start":{"line":0,"column":0},"end":{"line":0,"column":0},"skip":true},{"start":{"line":0,"column":0},"end":{"line":0,"column":0},"skip":true}]},"7":{"line":91,"type":"if","locations":[{"start":{"line":0,"column":0},"end":{"line":0,"column":0},"skip":true},{"start":{"line":0,"column":0},"end":{"line":0,"column":0},"skip":true}]},"8":{"line":109,"type":"if","locations":[{"start":{"line":0,"column":0},"end":{"line":0,"column":0},"skip":true},{"start":{"line":0,"column":0},"end":{"line":0,"column":0},"skip":true}]},"9":{"line":121,"type":"if","locations":[{"start":{"line":0,"column":0},"end":{"line":0,"column":0},"skip":true},{"start":{"line":0,"column":0},"end":{"line":0,"column":0},"skip":true}]},"10":{"line":145,"type":"switch","locations":[{"start":{"line":0,"column":0},"end":{"line":0,"column":0},"skip":true},{"start":{"line":0,"column":0},"end":{"line":0,"column":0},"skip":true},{"start":{"line":0,"column":0},"end":{"line":0,"column":0},"skip":true},{"start":{"line":0,"column":0},"end":{"line":0,"column":0},"skip":true},{"start":{"line":0,"column":0},"end":{"line":0,"column":0},"skip":true},{"start":{"line":0,"column":0},"end":{"line":0,"column":0},"skip":true},{"start":{"line":0,"column":0},"end":{"line":0,"column":0},"skip":true}]},"11":{"line":155,"type":"if","locations":[{"start":{"line":0,"column":0},"end":{"line":0,"column":0},"skip":true},{"start":{"line":0,"column":0},"end":{"line":0,"column":0},"skip":true}]},"12":{"line":167,"type":"if","locations":[{"start":{"line":0,"column":0},"end":{"line":0,"column":0},"skip":true},{"start":{"line":0,"column":0},"end":{"line":0,"column":0},"skip":true}]},"13":{"line":198,"type":"switch","locations":[{"start":{"line":0,"column":0},"end":{"line":0,"column":0},"skip":true},{"start":{"line":0,"column":0},"end":{"line":0,"column":0},"skip":true},{"start":{"line":0,"column":0},"end":{"line":0,"column":0},"skip":true},{"start":{"line":0,"column":0},"end":{"line":0,"column":0},"skip":true},{"start":{"line":0,"column":0},"end":{"line":0,"column":0},"skip":true},{"start":{"line":0,"column":0},"end":{"line":0,"column":0},"skip":true},{"start":{"line":0,"column":0},"end":{"line":0,"column":0},"skip":true},{"start":{"line":0,"column":0},"end":{"line":0,"column":0},"skip":true}]},"14":{"line":210,"type":"if","locations":[{"start":{"line":0,"column":0},"end":{"line":0,"column":0},"skip":true},{"start":{"line":0,"column":0},"end":{"line":0,"column":0},"skip":true}]},"15":{"line":229,"type":"if","locations":[{"start":{"line":0,"column":0},"end":{"line":0,"column":0},"skip":true},{"start":{"line":0,"column":0},"end":{"line":0,"column":0},"skip":true}]},"16":{"line":229,"type":"binary-expr","locations":[{"start":{"line":118,"column":6},"end":{"line":118,"column":20}},{"start":{"line":118,"column":24},"end":{"line":118,"column":50}}]},"17":{"line":247,"type":"cond-expr","locations":[{"start":{"line":126,"column":22},"end":{"line":126,"column":47}},{"start":{"line":126,"column":47},"end":{"line":126,"column":47}}]},"18":{"line":247,"type":"binary-expr","locations":[{"start":{"line":126,"column":19},"end":{"line":126,"column":19}},{"start":{"line":126,"column":19},"end":{"line":126,"column":19}}]},"19":{"line":253,"type":"cond-expr","locations":[{"start":{"line":131,"column":35},"end":{"line":131,"column":40}},{"start":{"line":131,"column":40},"end":{"line":131,"column":40}}]},"20":{"line":253,"type":"binary-expr","locations":[{"start":{"line":131,"column":32},"end":{"line":131,"column":32}},{"start":{"line":131,"column":32},"end":{"line":131,"column":32}}]},"21":{"line":254,"type":"cond-expr","locations":[{"start":{"line":131,"column":52},"end":{"line":131,"column":77}},{"start":{"line":131,"column":77},"end":{"line":131,"column":77}}]},"22":{"line":254,"type":"binary-expr","locations":[{"start":{"line":131,"column":49},"end":{"line":131,"column":49}},{"start":{"line":131,"column":49},"end":{"line":131,"column":49}}]},"23":{"line":257,"type":"switch","locations":[{"start":{"line":0,"column":0},"end":{"line":0,"column":0},"skip":true},{"start":{"line":0,"column":0},"end":{"line":0,"column":0},"skip":true},{"start":{"line":0,"column":0},"end":{"line":0,"column":0},"skip":true},{"start":{"line":0,"column":0},"end":{"line":0,"column":0},"skip":true},{"start":{"line":0,"column":0},"end":{"line":0,"column":0},"skip":true}]},"24":{"line":265,"type":"if","locations":[{"start":{"line":0,"column":0},"end":{"line":0,"column":0},"skip":true},{"start":{"line":0,"column":0},"end":{"line":0,"column":0},"skip":true}]},"25":{"line":279,"type":"cond-expr","locations":[{"start":{"line":145,"column":22},"end":{"line":145,"column":40}},{"start":{"line":145,"column":43},"end":{"line":145,"column":52}}]},"26":{"line":292,"type":"switch","locations":[{"start":{"line":0,"column":0},"end":{"line":0,"column":0},"skip":true},{"start":{"line":0,"column":0},"end":{"line":0,"column":0},"skip":true},{"start":{"line":0,"column":0},"end":{"line":0,"column":0},"skip":true},{"start":{"line":0,"column":0},"end":{"line":0,"column":0},"skip":true},{"start":{"line":0,"column":0},"end":{"line":0,"column":0},"skip":true},{"start":{"line":0,"column":0},"end":{"line":0,"column":0},"skip":true},{"start":{"line":0,"column":0},"end":{"line":0,"column":0},"skip":true},{"start":{"line":0,"column":0},"end":{"line":0,"column":0},"skip":true}]},"27":{"line":307,"type":"if","locations":[{"start":{"line":0,"column":0},"end":{"line":0,"column":0},"skip":true},{"start":{"line":0,"column":0},"end":{"line":0,"column":0},"skip":true}]},"28":{"line":319,"type":"if","locations":[{"start":{"line":0,"column":0},"end":{"line":0,"column":0},"skip":true},{"start":{"line":0,"column":0},"end":{"line":0,"column":0},"skip":true}]},"29":{"line":340,"type":"cond-expr","locations":[{"start":{"line":179,"column":22},"end":{"line":179,"column":47}},{"start":{"line":179,"column":47},"end":{"line":179,"column":47}}]},"30":{"line":340,"type":"binary-expr","locations":[{"start":{"line":179,"column":19},"end":{"line":179,"column":19}},{"start":{"line":179,"column":19},"end":{"line":179,"column":19}}]},"31":{"line":349,"type":"switch","locations":[{"start":{"line":0,"column":0},"end":{"line":0,"column":0},"skip":true},{"start":{"line":0,"column":0},"end":{"line":0,"column":0},"skip":true},{"start":{"line":0,"column":0},"end":{"line":0,"column":0},"skip":true},{"start":{"line":0,"column":0},"end":{"line":0,"column":0},"skip":true},{"start":{"line":0,"column":0},"end":{"line":0,"column":0},"skip":true},{"start":{"line":0,"column":0},"end":{"line":0,"column":0},"skip":true},{"start":{"line":0,"column":0},"end":{"line":0,"column":0},"skip":true}]},"32":{"line":357,"type":"if","locations":[{"start":{"line":0,"column":0},"end":{"line":0,"column":0},"skip":true},{"start":{"line":0,"column":0},"end":{"line":0,"column":0},"skip":true}]},"33":{"line":376,"type":"if","locations":[{"start":{"line":0,"column":0},"end":{"line":0,"column":0},"skip":true},{"start":{"line":0,"column":0},"end":{"line":0,"column":0},"skip":true}]},"34":{"line":394,"type":"cond-expr","locations":[{"start":{"line":207,"column":22},"end":{"line":207,"column":47}},{"start":{"line":207,"column":47},"end":{"line":207,"column":47}}]},"35":{"line":394,"type":"binary-expr","locations":[{"start":{"line":207,"column":19},"end":{"line":207,"column":19}},{"start":{"line":207,"column":19},"end":{"line":207,"column":19}}]},"36":{"line":403,"type":"switch","locations":[{"start":{"line":0,"column":0},"end":{"line":0,"column":0},"skip":true},{"start":{"line":0,"column":0},"end":{"line":0,"column":0},"skip":true},{"start":{"line":0,"column":0},"end":{"line":0,"column":0},"skip":true},{"start":{"line":0,"column":0},"end":{"line":0,"column":0},"skip":true}]},"37":{"line":420,"type":"if","locations":[{"start":{"line":223,"column":4},"end":{"line":223,"column":4}},{"start":{"line":223,"column":4},"end":{"line":223,"column":4}}]},"38":{"line":422,"type":"if","locations":[{"start":{"line":225,"column":11},"end":{"line":225,"column":11}},{"start":{"line":225,"column":11},"end":{"line":225,"column":11}}]},"39":{"line":422,"type":"binary-expr","locations":[{"start":{"line":225,"column":15},"end":{"line":225,"column":34}},{"start":{"line":226,"column":16},"end":{"line":226,"column":61}},{"start":{"line":227,"column":16},"end":{"line":227,"column":34}},{"start":{"line":228,"column":16},"end":{"line":228,"column":63}}]},"40":{"line":431,"type":"if","locations":[{"start":{"line":236,"column":11},"end":{"line":236,"column":11}},{"start":{"line":236,"column":11},"end":{"line":236,"column":11}}]},"41":{"line":448,"type":"switch","locations":[{"start":{"line":0,"column":0},"end":{"line":0,"column":0},"skip":true},{"start":{"line":0,"column":0},"end":{"line":0,"column":0},"skip":true},{"start":{"line":0,"column":0},"end":{"line":0,"column":0},"skip":true},{"start":{"line":0,"column":0},"end":{"line":0,"column":0},"skip":true},{"start":{"line":0,"column":0},"end":{"line":0,"column":0},"skip":true}]},"42":{"line":459,"type":"if","locations":[{"start":{"line":249,"column":2},"end":{"line":249,"column":2}},{"start":{"line":249,"column":2},"end":{"line":249,"column":2}}]},"43":{"line":465,"type":"if","locations":[{"start":{"line":0,"column":0},"end":{"line":0,"column":0},"skip":true},{"start":{"line":0,"column":0},"end":{"line":0,"column":0},"skip":true}]},"44":{"line":483,"type":"cond-expr","locations":[{"start":{"line":263,"column":22},"end":{"line":263,"column":47}},{"start":{"line":263,"column":47},"end":{"line":263,"column":47}}]},"45":{"line":483,"type":"binary-expr","locations":[{"start":{"line":263,"column":19},"end":{"line":263,"column":19}},{"start":{"line":263,"column":19},"end":{"line":263,"column":19}}]},"46":{"line":494,"type":"if","locations":[{"start":{"line":275,"column":4},"end":{"line":275,"column":4}},{"start":{"line":275,"column":4},"end":{"line":275,"column":4}}]}}}}