TN:
SF:/Users/jonahss/Workspace/appium-xcode/index.js
FN:7,_interopRequireDefault
FNF:1
FNH:1
FNDA:1,_interopRequireDefault
DA:0,1
LF:1
LH:1
BRDA:7,1,0,0
BRDA:7,1,1,1
BRDA:7,2,0,1
BRDA:7,2,1,1
BRF:4
BRH:4
end_of_record
TN:
SF:/Users/jonahss/Workspace/appium-xcode/lib/xcode.js
FN:7,_interopRequireDefault
FN:37,hasExpectedSubDir
FN:41,getPathFromSymlink
FN:43,getPathFromSymlink$
FN:141,getPathFromXcodeSelect
FN:144,getPathFromXcodeSelect$
FN:187,(anonymous_7)
FN:195,getVersionWithoutRetry
FN:197,getVersionWithoutRetry$
FN:246,(anonymous_10)
FN:252,getVersion
FN:256,getVersion$
FN:289,getAutomationTraceTemplatePathWithoutRetry
FN:291,getAutomationTraceTemplatePathWithoutRetry$
FN:339,(anonymous_15)
FN:345,getMaxIOSSDKWithoutRetry
FN:348,getMaxIOSSDKWithoutRetry$
FN:393,(anonymous_18)
FN:399,getConnectedDevices
FN:402,getConnectedDevices$
FN:444,getInstrumentsPathWithoutRetry
FN:447,getInstrumentsPathWithoutRetry$
FN:482,(anonymous_23)
FN:488,clearInternalCache
FN:493,(anonymous_25)
FNF:25
FNH:23
FNDA:2,_interopRequireDefault
FNDA:0,hasExpectedSubDir
FNDA:0,getPathFromSymlink
FNDA:0,getPathFromSymlink$
FNDA:2,getPathFromXcodeSelect
FNDA:8,getPathFromXcodeSelect$
FNDA:2,(anonymous_7)
FNDA:1,getVersionWithoutRetry
FNDA:5,getVersionWithoutRetry$
FNDA:1,(anonymous_10)
FNDA:6,getVersion
FNDA:18,getVersion$
FNDA:1,getAutomationTraceTemplatePathWithoutRetry
FNDA:4,getAutomationTraceTemplatePathWithoutRetry$
FNDA:1,(anonymous_15)
FNDA:1,getMaxIOSSDKWithoutRetry
FNDA:4,getMaxIOSSDKWithoutRetry$
FNDA:1,(anonymous_18)
FNDA:1,getConnectedDevices
FNDA:3,getConnectedDevices$
FNDA:1,getInstrumentsPathWithoutRetry
FNDA:3,getInstrumentsPathWithoutRetry$
FNDA:1,(anonymous_23)
FNDA:1,clearInternalCache
FNDA:5,(anonymous_25)
DA:0,19
DA:9,1
DA:11,1
DA:13,1
DA:14,1
DA:15,1
DA:17,1
DA:20,1
DA:21,0
DA:24,1
DA:30,0
DA:32,0
DA:33,0
DA:34,0
DA:39,0
DA:44,0
DA:46,0
DA:49,0
DA:53,0
DA:55,0
DA:66,0
DA:67,0
DA:72,1
DA:73,2
DA:76,2
DA:85,0
DA:86,0
DA:91,1
DA:96,2
DA:101,1
DA:102,1
DA:106,1
DA:112,1
DA:113,1
DA:115,1
DA:117,1
DA:125,1
DA:127,1
DA:131,1
DA:132,6
DA:136,1
DA:149,1
DA:151,1
DA:155,1
DA:156,1
DA:157,1
DA:158,1
DA:171,0
DA:173,0
DA:178,1
DA:180,1
DA:184,1
DA:186,1
DA:192,1
DA:193,1
DA:194,1
DA:196,1
DA:197,1
DA:206,1
DA:208,1
DA:212,1
DA:214,1
DA:215,1
DA:216,1
DA:217,1
DA:219,1
DA:220,1
DA:221,1
DA:222,16
DA:223,16
DA:224,0
DA:225,16
DA:229,0
DA:235,0
DA:236,16
DA:237,9
DA:243,1
DA:245,1
DA:246,1
DA:247,1
DA:249,1
DA:250,0
DA:253,1
DA:262,1
DA:264,1
DA:268,1
DA:271,1
DA:274,1
DA:275,5
DA:276,4
LF:90
LH:69
BRDA:7,1,0,0
BRDA:7,1,1,2
BRDA:7,2,0,2
BRDA:7,2,1,2
BRDA:44,3,0,0
BRDA:44,3,1,0
BRDA:44,3,2,0
BRDA:44,3,3,0
BRDA:44,3,4,0
BRDA:44,3,5,0
BRDA:44,3,6,0
BRDA:44,3,7,0
BRDA:44,3,8,0
BRDA:44,3,9,0
BRDA:44,3,10,0
BRDA:44,3,11,0
BRDA:44,3,12,0
BRDA:44,3,13,0
BRDA:57,4,0,0
BRDA:57,4,1,0
BRDA:62,5,0,0
BRDA:62,5,1,0
BRDA:67,6,0,0
BRDA:67,6,1,0
BRDA:91,7,0,0
BRDA:91,7,1,0
BRDA:109,8,0,0
BRDA:109,8,1,0
BRDA:121,9,0,0
BRDA:121,9,1,0
BRDA:145,10,0,2
BRDA:145,10,1,2
BRDA:145,10,2,2
BRDA:145,10,3,2
BRDA:145,10,4,0
BRDA:145,10,5,0
BRDA:145,10,6,2
BRDA:155,11,0,2
BRDA:155,11,1,0
BRDA:167,12,0,0
BRDA:167,12,1,2
BRDA:198,13,0,1
BRDA:198,13,1,1
BRDA:198,13,2,1
BRDA:198,13,3,1
BRDA:198,13,4,1
BRDA:198,13,5,1
BRDA:198,13,6,0
BRDA:198,13,7,1
BRDA:210,14,0,1
BRDA:210,14,1,0
BRDA:229,15,0,1
BRDA:229,15,1,0
BRDA:229,16,0,1
BRDA:229,16,1,1
BRDA:247,17,0,0
BRDA:247,17,1,1
BRDA:247,18,0,1
BRDA:247,18,1,1
BRDA:253,19,0,5
BRDA:253,19,1,1
BRDA:253,20,0,6
BRDA:253,20,1,1
BRDA:254,21,0,6
BRDA:254,21,1,0
BRDA:254,22,0,6
BRDA:254,22,1,0
BRDA:257,23,0,6
BRDA:257,23,1,6
BRDA:257,23,2,1
BRDA:257,23,3,0
BRDA:257,23,4,6
BRDA:265,24,0,1
BRDA:265,24,1,5
BRDA:279,25,0,0
BRDA:279,25,1,1
BRDA:292,26,0,1
BRDA:292,26,1,1
BRDA:292,26,2,1
BRDA:292,26,3,0
BRDA:292,26,4,0
BRDA:292,26,5,0
BRDA:292,26,6,0
BRDA:292,26,7,1
BRDA:307,27,0,0
BRDA:307,27,1,1
BRDA:319,28,0,0
BRDA:319,28,1,0
BRDA:340,29,0,1
BRDA:340,29,1,0
BRDA:340,30,0,1
BRDA:340,30,1,0
BRDA:349,31,0,1
BRDA:349,31,1,1
BRDA:349,31,2,1
BRDA:349,31,3,1
BRDA:349,31,4,1
BRDA:349,31,5,0
BRDA:349,31,6,1
BRDA:357,32,0,1
BRDA:357,32,1,0
BRDA:376,33,0,1
BRDA:376,33,1,0
BRDA:394,34,0,1
BRDA:394,34,1,0
BRDA:394,35,0,1
BRDA:394,35,1,0
BRDA:403,36,0,1
BRDA:403,36,1,1
BRDA:403,36,2,0
BRDA:403,36,3,1
BRDA:420,37,0,0
BRDA:420,37,1,16
BRDA:422,38,0,0
BRDA:422,38,1,16
BRDA:422,39,0,16
BRDA:422,39,1,15
BRDA:422,39,2,16
BRDA:422,39,3,15
BRDA:431,40,0,9
BRDA:431,40,1,7
BRDA:448,41,0,1
BRDA:448,41,1,1
BRDA:448,41,2,1
BRDA:448,41,3,0
BRDA:448,41,4,1
BRDA:459,42,0,0
BRDA:459,42,1,1
BRDA:465,43,0,1
BRDA:465,43,1,0
BRDA:483,44,0,1
BRDA:483,44,1,0
BRDA:483,45,0,1
BRDA:483,45,1,0
BRDA:494,46,0,4
BRDA:494,46,1,1
BRF:136
BRH:121
end_of_record
